<?xml version="1.0" encoding="UTF-8"?>
<!-- Generated by org.testng.reporters.JUnitReportReporter -->
<testsuite hostname="rechu" failures="0" tests="2" name="testScript.LoginTest" time="17.946" errors="0" timestamp="2025-09-10T20:27:13 IST" skipped="0">
  <testcase classname="testScript.LoginTest" name="verifyTheUserIsAbleToLoginUsingValidCredential" time="6.560"/>
  <testcase classname="testScript.LoginTest" name="verifyTheUserIsAbleToLoginUsingInvalidPassword" time="11.386"/>
</testsuite> <!-- testScript.LoginTest -->
